# JRE version: OpenJDK Runtime Environment (8.0_242-b08) (build 1.8.0_242-8u242-b08-0ubuntu3~18.04-b08)
# Java VM: OpenJDK 64-Bit Server VM (25.242-b08 mixed mode linux-amd64 compressed oops)
Heap:
 PSYoungGen      total 387584K, used 41478K [0x00000000d7180000, 0x00000000f3e80000, 0x0000000100000000)
  eden space 372736K, 11% used [0x00000000d7180000,0x00000000d9a01858,0x00000000edd80000)
  from space 14848K, 0% used [0x00000000eec00000,0x00000000eec00000,0x00000000efa80000)
  to   space 14848K, 0% used [0x00000000edd80000,0x00000000edd80000,0x00000000eec00000)
 ParOldGen       total 72192K, used 14256K [0x0000000085400000, 0x0000000089a80000, 0x00000000d7180000)
  object space 72192K, 19% used [0x0000000085400000,0x00000000861ec158,0x0000000089a80000)
 Metaspace       used 37709K, capacity 39578K, committed 39808K, reserved 1083392K
  class space    used 5060K, capacity 5397K, committed 5504K, reserved 1048576K
GC Heap History (10 events):
Event: 2.044 GC heap before
{Heap before GC invocations=6 (full 1):
 PSYoungGen      total 132096K, used 5113K [0x00000000d7180000, 0x00000000e7d80000, 0x0000000100000000)
  eden space 126976K, 0% used [0x00000000d7180000,0x00000000d7180000,0x00000000ded80000)
  from space 5120K, 99% used [0x00000000ded80000,0x00000000df27e4c8,0x00000000df280000)
  to   space 10240K, 0% used [0x00000000e7380000,0x00000000e7380000,0x00000000e7d80000)
 ParOldGen       total 84992K, used 7254K [0x0000000085400000, 0x000000008a700000, 0x00000000d7180000)
  object space 84992K, 8% used [0x0000000085400000,0x0000000085b15b20,0x000000008a700000)
 Metaspace       used 20588K, capacity 21200K, committed 21296K, reserved 1069056K
  class space    used 2599K, capacity 2760K, committed 2816K, reserved 1048576K
Event: 2.078 GC heap after
Heap after GC invocations=6 (full 1):
 PSYoungGen      total 132096K, used 0K [0x00000000d7180000, 0x00000000e7d80000, 0x0000000100000000)
  eden space 126976K, 0% used [0x00000000d7180000,0x00000000d7180000,0x00000000ded80000)
  from space 5120K, 0% used [0x00000000ded80000,0x00000000ded80000,0x00000000df280000)
  to   space 10240K, 0% used [0x00000000e7380000,0x00000000e7380000,0x00000000e7d80000)
 ParOldGen       total 49664K, used 5666K [0x0000000085400000, 0x0000000088480000, 0x00000000d7180000)
  object space 49664K, 11% used [0x0000000085400000,0x0000000085988bf8,0x0000000088480000)
 Metaspace       used 20588K, capacity 21200K, committed 21296K, reserved 1069056K
  class space    used 2599K, capacity 2760K, committed 2816K, reserved 1048576K
}
Event: 2.738 GC heap before
{Heap before GC invocations=7 (full 1):
 PSYoungGen      total 132096K, used 126976K [0x00000000d7180000, 0x00000000e7d80000, 0x0000000100000000)
  eden space 126976K, 100% used [0x00000000d7180000,0x00000000ded80000,0x00000000ded80000)
  from space 5120K, 0% used [0x00000000ded80000,0x00000000ded80000,0x00000000df280000)
  to   space 10240K, 0% used [0x00000000e7380000,0x00000000e7380000,0x00000000e7d80000)
 ParOldGen       total 49664K, used 5666K [0x0000000085400000, 0x0000000088480000, 0x00000000d7180000)
  object space 49664K, 11% used [0x0000000085400000,0x0000000085988bf8,0x0000000088480000)
 Metaspace       used 23065K, capacity 23960K, committed 24192K, reserved 1071104K
  class space    used 2909K, capacity 3146K, committed 3200K, reserved 1048576K
Event: 2.751 GC heap after
Heap after GC invocations=7 (full 1):
 PSYoungGen      total 228352K, used 7872K [0x00000000d7180000, 0x00000000e7b80000, 0x0000000100000000)
  eden space 220160K, 0% used [0x00000000d7180000,0x00000000d7180000,0x00000000e4880000)
  from space 8192K, 96% used [0x00000000e7380000,0x00000000e7b30130,0x00000000e7b80000)
  to   space 10752K, 0% used [0x00000000e6680000,0x00000000e6680000,0x00000000e7100000)
 ParOldGen       total 49664K, used 5674K [0x0000000085400000, 0x0000000088480000, 0x00000000d7180000)
  object space 49664K, 11% used [0x0000000085400000,0x000000008598abf8,0x0000000088480000)
 Metaspace       used 23065K, capacity 23960K, committed 24192K, reserved 1071104K
  class space    used 2909K, capacity 3146K, committed 3200K, reserved 1048576K
}
Event: 4.739 GC heap before
{Heap before GC invocations=8 (full 1):
 PSYoungGen      total 228352K, used 228032K [0x00000000d7180000, 0x00000000e7b80000, 0x0000000100000000)
  eden space 220160K, 100% used [0x00000000d7180000,0x00000000e4880000,0x00000000e4880000)
  from space 8192K, 96% used [0x00000000e7380000,0x00000000e7b30130,0x00000000e7b80000)
  to   space 10752K, 0% used [0x00000000e6680000,0x00000000e6680000,0x00000000e7100000)
 ParOldGen       total 49664K, used 5674K [0x0000000085400000, 0x0000000088480000, 0x00000000d7180000)
  object space 49664K, 11% used [0x0000000085400000,0x000000008598abf8,0x0000000088480000)
 Metaspace       used 32534K, capacity 34344K, committed 34560K, reserved 1079296K
  class space    used 4165K, capacity 4496K, committed 4608K, reserved 1048576K
Event: 4.765 GC heap after
Heap after GC invocations=8 (full 1):
 PSYoungGen      total 261632K, used 10743K [0x00000000d7180000, 0x00000000efa80000, 0x0000000100000000)
  eden space 250880K, 0% used [0x00000000d7180000,0x00000000d7180000,0x00000000e6680000)
  from space 10752K, 99% used [0x00000000e6680000,0x00000000e70fdea8,0x00000000e7100000)
  to   space 14848K, 0% used [0x00000000eec00000,0x00000000eec00000,0x00000000efa80000)
 ParOldGen       total 49664K, used 10561K [0x0000000085400000, 0x0000000088480000, 0x00000000d7180000)
  object space 49664K, 21% used [0x0000000085400000,0x0000000085e50500,0x0000000088480000)
 Metaspace       used 32534K, capacity 34344K, committed 34560K, reserved 1079296K
  class space    used 4165K, capacity 4496K, committed 4608K, reserved 1048576K
}
Event: 4.965 GC heap before
{Heap before GC invocations=9 (full 1):
 PSYoungGen      total 261632K, used 25684K [0x00000000d7180000, 0x00000000efa80000, 0x0000000100000000)
  eden space 250880K, 5% used [0x00000000d7180000,0x00000000d8017428,0x00000000e6680000)
  from space 10752K, 99% used [0x00000000e6680000,0x00000000e70fdea8,0x00000000e7100000)
  to   space 14848K, 0% used [0x00000000eec00000,0x00000000eec00000,0x00000000efa80000)
 ParOldGen       total 49664K, used 10561K [0x0000000085400000, 0x0000000088480000, 0x00000000d7180000)
  object space 49664K, 21% used [0x0000000085400000,0x0000000085e50500,0x0000000088480000)
 Metaspace       used 33533K, capacity 35366K, committed 35496K, reserved 1081344K
  class space    used 4285K, capacity 4641K, committed 4736K, reserved 1048576K
Event: 4.988 GC heap after
Heap after GC invocations=9 (full 1):
 PSYoungGen      total 387584K, used 9095K [0x00000000d7180000, 0x00000000f3e80000, 0x0000000100000000)
  eden space 372736K, 0% used [0x00000000d7180000,0x00000000d7180000,0x00000000edd80000)
  from space 14848K, 61% used [0x00000000eec00000,0x00000000ef4e1ec8,0x00000000efa80000)
  to   space 14848K, 0% used [0x00000000edd80000,0x00000000edd80000,0x00000000eec00000)
 ParOldGen       total 49664K, used 10561K [0x0000000085400000, 0x0000000088480000, 0x00000000d7180000)
  object space 49664K, 21% used [0x0000000085400000,0x0000000085e50500,0x0000000088480000)
 Metaspace       used 33533K, capacity 35366K, committed 35496K, reserved 1081344K
  class space    used 4285K, capacity 4641K, committed 4736K, reserved 1048576K
}
Event: 4.988 GC heap before
{Heap before GC invocations=10 (full 2):
 PSYoungGen      total 387584K, used 9095K [0x00000000d7180000, 0x00000000f3e80000, 0x0000000100000000)
  eden space 372736K, 0% used [0x00000000d7180000,0x00000000d7180000,0x00000000edd80000)
  from space 14848K, 61% used [0x00000000eec00000,0x00000000ef4e1ec8,0x00000000efa80000)
  to   space 14848K, 0% used [0x00000000edd80000,0x00000000edd80000,0x00000000eec00000)
 ParOldGen       total 49664K, used 10561K [0x0000000085400000, 0x0000000088480000, 0x00000000d7180000)
  object space 49664K, 21% used [0x0000000085400000,0x0000000085e50500,0x0000000088480000)
 Metaspace       used 33533K, capacity 35366K, committed 35496K, reserved 1081344K
  class space    used 4285K, capacity 4641K, committed 4736K, reserved 1048576K
Event: 5.089 GC heap after
Heap after GC invocations=10 (full 2):
 PSYoungGen      total 387584K, used 0K [0x00000000d7180000, 0x00000000f3e80000, 0x0000000100000000)
  eden space 372736K, 0% used [0x00000000d7180000,0x00000000d7180000,0x00000000edd80000)
  from space 14848K, 0% used [0x00000000eec00000,0x00000000eec00000,0x00000000efa80000)
  to   space 14848K, 0% used [0x00000000edd80000,0x00000000edd80000,0x00000000eec00000)
 ParOldGen       total 72192K, used 14256K [0x0000000085400000, 0x0000000089a80000, 0x00000000d7180000)
  object space 72192K, 19% used [0x0000000085400000,0x00000000861ec158,0x0000000089a80000)
 Metaspace       used 33533K, capacity 35366K, committed 35496K, reserved 1081344K
  class space    used 4285K, capacity 4641K, committed 4736K, reserved 1048576K
}

